<?xml version="1.0" encoding="UTF-8"?>
<!-- Generated by org.testng.reporters.JUnitReportReporter -->
<testsuite hostname="LAPTOP-VECHL8IT" failures="0" tests="1" name="Day5.ParallelTestA" time="1.214" errors="0" timestamp="2021-07-14T16:52:06 IST" skipped="0">
  <testcase classname="Day5.ParallelTestA" name="testGooglePageTitleInFirefox" time="1.214"/>
  <system-out/>
</testsuite> <!-- Day5.ParallelTestA -->
