<?xml version="1.0" encoding="UTF-8"?>
<!-- Generated by org.testng.reporters.JUnitReportReporter -->
<testsuite hostname="LAPTOP-VECHL8IT" failures="0" tests="3" name="Day5.Assertions" time="10.436" errors="0" timestamp="2021-07-14T14:24:06 IST" skipped="0">
  <testcase classname="Day5.Assertions" name="Login" time="3.203"/>
  <system-out/>
  <testcase classname="Day5.Assertions" name="Facebook" time="3.105"/>
  <system-out/>
  <testcase classname="Day5.Assertions" name="Launch" time="4.128"/>
  <system-out/>
</testsuite> <!-- Day5.Assertions -->
