<?xml version="1.0" encoding="UTF-8"?>
<!-- Generated by org.testng.reporters.JUnitReportReporter -->
<testsuite hostname="LAPTOP-VECHL8IT" failures="0" tests="2" name="Day5.ParallelTestB" time="1.880" errors="0" timestamp="2021-07-14T16:52:06 IST" skipped="0">
  <testcase classname="Day5.ParallelTestB" name="testSearchGoogle" time="0.670"/>
  <system-out/>
  <testcase classname="Day5.ParallelTestB" name="testGooglePageTitleInChrome" time="1.210"/>
  <system-out/>
</testsuite> <!-- Day5.ParallelTestB -->
