<?xml version="1.0" encoding="UTF-8"?>
<!-- Generated by org.testng.reporters.JUnitReportReporter -->
<testsuite hostname="LAPTOP-VECHL8IT" failures="0" tests="2" name="com.parallel.ParallelTests" time="4.551" errors="0" timestamp="2021-07-13T16:38:57 IST" skipped="0">
  <testcase classname="com.parallel.ParallelTests" name="TryFacebook1" time="0.194"/>
  <system-out/>
  <testcase classname="com.parallel.ParallelTests" name="LaunchChrome" time="4.357"/>
  <system-out/>
</testsuite> <!-- com.parallel.ParallelTests -->
