<?xml version="1.0" encoding="UTF-8"?>
<!-- Generated by org.testng.reporters.JUnitReportReporter -->
<testsuite hostname="LAPTOP-VECHL8IT" failures="0" tests="4" name="Day4.NewTest" time="0.011" errors="0" timestamp="2021-07-13T14:26:16 IST" skipped="0">
  <testcase classname="Day4.NewTest" name="c_test" time="0.008"/>
  <system-out/>
  <testcase classname="Day4.NewTest" name="d_test" time="0.001"/>
  <system-out/>
  <testcase classname="Day4.NewTest" name="b_test" time="0.001"/>
  <system-out/>
  <testcase classname="Day4.NewTest" name="a_test" time="0.001"/>
  <system-out/>
</testsuite> <!-- Day4.NewTest -->
