<?xml version="1.0" encoding="UTF-8"?>
<!-- Generated by org.testng.reporters.JUnitReportReporter -->
<testsuite hostname="LAPTOP-VECHL8IT" failures="0" tests="4" name="Day4.Test_Priority" time="0.009" errors="0" timestamp="2021-07-13T14:36:12 IST" skipped="0">
  <testcase classname="Day4.Test_Priority" name="c_test" time="0.003"/>
  <system-out/>
  <testcase classname="Day4.Test_Priority" name="d_test" time="0.001"/>
  <system-out/>
  <testcase classname="Day4.Test_Priority" name="e_test" time="0.000"/>
  <system-out/>
  <testcase classname="Day4.Test_Priority" name="b_test" time="0.005"/>
  <system-out/>
</testsuite> <!-- Day4.Test_Priority -->
