<?xml version="1.0" encoding="UTF-8"?>
<!-- Generated by org.testng.reporters.JUnitReportReporter -->
<testsuite hostname="LAPTOP-VECHL8IT" failures="0" tests="4" name="Day4.IncludeExcludeExample" time="0.012" errors="0" timestamp="2021-07-13T15:42:59 IST" skipped="0">
  <testcase classname="Day4.IncludeExcludeExample" name="testMethodFour" time="0.008"/>
  <system-out/>
  <testcase classname="Day4.IncludeExcludeExample" name="testMethodTwo" time="0.001"/>
  <system-out/>
  <testcase classname="Day4.IncludeExcludeExample" name="testMethodThree" time="0.002"/>
  <system-out/>
  <testcase classname="Day4.IncludeExcludeExample" name="testMethodOne" time="0.001"/>
  <system-out/>
</testsuite> <!-- Day4.IncludeExcludeExample -->
