<?xml version="1.0" encoding="UTF-8"?>
<!-- Generated by org.testng.reporters.JUnitReportReporter -->
<testsuite hostname="LAPTOP-VECHL8IT" failures="0" tests="1" name="Day3.NewTest" time="6.274" errors="0" timestamp="2021-07-12T17:37:48 IST" skipped="0">
  <testcase classname="Day3.NewTest" name="f" time="6.274"/>
  <system-out/>
</testsuite> <!-- Day3.NewTest -->
